  Лаб. 32.cpp
E:\Project\Программирование\Лабораторные работы информатика\Лабораторные работы 2 семестр\Нерослов ИВТ - 19 - 2б Лаб. 32 вариант 9\Лаб. 31\Лаб. 32.cpp(95,21): warning C4018: <: несоответствие типов со знаком и без знака
E:\Project\Программирование\Лабораторные работы информатика\Лабораторные работы 2 семестр\Нерослов ИВТ - 19 - 2б Лаб. 32 вариант 9\Лаб. 31\Лаб. 32.cpp(98,22): warning C4018: <: несоответствие типов со знаком и без знака
E:\Project\Программирование\Лабораторные работы информатика\Лабораторные работы 2 семестр\Нерослов ИВТ - 19 - 2б Лаб. 32 вариант 9\Лаб. 31\Лаб. 32.cpp(148,20): warning C4018: <: несоответствие типов со знаком и без знака
E:\Project\Программирование\Лабораторные работы информатика\Лабораторные работы 2 семестр\Нерослов ИВТ - 19 - 2б Лаб. 32 вариант 9\Лаб. 31\Лаб. 32.cpp(149,21): warning C4018: <: несоответствие типов со знаком и без знака
E:\Project\Программирование\Лабораторные работы информатика\Лабораторные работы 2 семестр\Нерослов ИВТ - 19 - 2б Лаб. 32 вариант 9\Лаб. 31\Лаб. 32.cpp(183,26): warning C4305: аргумент: усечение из "double" в "GLfloat"
E:\Project\Программирование\Лабораторные работы информатика\Лабораторные работы 2 семестр\Нерослов ИВТ - 19 - 2б Лаб. 32 вариант 9\Лаб. 31\Лаб. 32.cpp(198,25): warning C4244: аргумент: преобразование "double" в "GLint", возможна потеря данных
E:\Project\Программирование\Лабораторные работы информатика\Лабораторные работы 2 семестр\Нерослов ИВТ - 19 - 2б Лаб. 32 вариант 9\Лаб. 31\Лаб. 32.cpp(199,20): warning C4018: <: несоответствие типов со знаком и без знака
E:\Project\Программирование\Лабораторные работы информатика\Лабораторные работы 2 семестр\Нерослов ИВТ - 19 - 2б Лаб. 32 вариант 9\Лаб. 31\Лаб. 32.cpp(208,26): warning C4305: аргумент: усечение из "double" в "GLfloat"
E:\Project\Программирование\Лабораторные работы информатика\Лабораторные работы 2 семестр\Нерослов ИВТ - 19 - 2б Лаб. 32 вариант 9\Лаб. 31\Лаб. 32.cpp(223,25): warning C4244: аргумент: преобразование "double" в "GLint", возможна потеря данных
E:\Project\Программирование\Лабораторные работы информатика\Лабораторные работы 2 семестр\Нерослов ИВТ - 19 - 2б Лаб. 32 вариант 9\Лаб. 31\Лаб. 32.cpp(224,20): warning C4018: <: несоответствие типов со знаком и без знака
E:\Project\Программирование\Лабораторные работы информатика\Лабораторные работы 2 семестр\Нерослов ИВТ - 19 - 2б Лаб. 32 вариант 9\Лаб. 31\Лаб. 32.cpp(233,26): warning C4305: аргумент: усечение из "double" в "GLfloat"
E:\Project\Программирование\Лабораторные работы информатика\Лабораторные работы 2 семестр\Нерослов ИВТ - 19 - 2б Лаб. 32 вариант 9\Лаб. 31\Лаб. 32.cpp(248,25): warning C4244: аргумент: преобразование "double" в "GLint", возможна потеря данных
E:\Project\Программирование\Лабораторные работы информатика\Лабораторные работы 2 семестр\Нерослов ИВТ - 19 - 2б Лаб. 32 вариант 9\Лаб. 31\Лаб. 32.cpp(249,20): warning C4018: <: несоответствие типов со знаком и без знака
E:\Project\Программирование\Лабораторные работы информатика\Лабораторные работы 2 семестр\Нерослов ИВТ - 19 - 2б Лаб. 32 вариант 9\Лаб. 31\Лаб. 32.cpp(258,26): warning C4305: аргумент: усечение из "double" в "GLfloat"
E:\Project\Программирование\Лабораторные работы информатика\Лабораторные работы 2 семестр\Нерослов ИВТ - 19 - 2б Лаб. 32 вариант 9\Лаб. 31\Лаб. 32.cpp(273,25): warning C4244: аргумент: преобразование "double" в "GLint", возможна потеря данных
E:\Project\Программирование\Лабораторные работы информатика\Лабораторные работы 2 семестр\Нерослов ИВТ - 19 - 2б Лаб. 32 вариант 9\Лаб. 31\Лаб. 32.cpp(274,20): warning C4018: <: несоответствие типов со знаком и без знака
E:\Project\Программирование\Лабораторные работы информатика\Лабораторные работы 2 семестр\Нерослов ИВТ - 19 - 2б Лаб. 32 вариант 9\Лаб. 31\Лаб. 32.cpp(283,26): warning C4305: аргумент: усечение из "double" в "GLfloat"
E:\Project\Программирование\Лабораторные работы информатика\Лабораторные работы 2 семестр\Нерослов ИВТ - 19 - 2б Лаб. 32 вариант 9\Лаб. 31\Лаб. 32.cpp(298,25): warning C4244: аргумент: преобразование "double" в "GLint", возможна потеря данных
E:\Project\Программирование\Лабораторные работы информатика\Лабораторные работы 2 семестр\Нерослов ИВТ - 19 - 2б Лаб. 32 вариант 9\Лаб. 31\Лаб. 32.cpp(299,20): warning C4018: <: несоответствие типов со знаком и без знака
E:\Project\Программирование\Лабораторные работы информатика\Лабораторные работы 2 семестр\Нерослов ИВТ - 19 - 2б Лаб. 32 вариант 9\Лаб. 31\Лаб. 32.cpp(308,26): warning C4305: аргумент: усечение из "double" в "GLfloat"
E:\Project\Программирование\Лабораторные работы информатика\Лабораторные работы 2 семестр\Нерослов ИВТ - 19 - 2б Лаб. 32 вариант 9\Лаб. 31\Лаб. 32.cpp(323,25): warning C4244: аргумент: преобразование "double" в "GLint", возможна потеря данных
E:\Project\Программирование\Лабораторные работы информатика\Лабораторные работы 2 семестр\Нерослов ИВТ - 19 - 2б Лаб. 32 вариант 9\Лаб. 31\Лаб. 32.cpp(324,20): warning C4018: <: несоответствие типов со знаком и без знака
E:\Project\Программирование\Лабораторные работы информатика\Лабораторные работы 2 семестр\Нерослов ИВТ - 19 - 2б Лаб. 32 вариант 9\Лаб. 31\Лаб. 32.cpp(373,11): warning C4244: инициализация: преобразование "int" в "float", возможна потеря данных
E:\Project\Программирование\Лабораторные работы информатика\Лабораторные работы 2 семестр\Нерослов ИВТ - 19 - 2б Лаб. 32 вариант 9\Лаб. 31\Лаб. 32.cpp(374,11): warning C4244: инициализация: преобразование "int" в "float", возможна потеря данных
E:\Project\Программирование\Лабораторные работы информатика\Лабораторные работы 2 семестр\Нерослов ИВТ - 19 - 2б Лаб. 32 вариант 9\Лаб. 31\Лаб. 32.cpp(378,10): warning C4244: =: преобразование "float" в "int", возможна потеря данных
E:\Project\Программирование\Лабораторные работы информатика\Лабораторные работы 2 семестр\Нерослов ИВТ - 19 - 2б Лаб. 32 вариант 9\Лаб. 31\Лаб. 32.cpp(379,10): warning C4244: =: преобразование "float" в "int", возможна потеря данных
E:\Project\Программирование\Лабораторные работы информатика\Лабораторные работы 2 семестр\Нерослов ИВТ - 19 - 2б Лаб. 32 вариант 9\Лаб. 31\Лаб. 32.cpp(383,17): warning C4244: аргумент: преобразование "int" в "GLfloat", возможна потеря данных
E:\Project\Программирование\Лабораторные работы информатика\Лабораторные работы 2 семестр\Нерослов ИВТ - 19 - 2б Лаб. 32 вариант 9\Лаб. 31\Лаб. 32.cpp(383,13): warning C4244: аргумент: преобразование "int" в "GLfloat", возможна потеря данных
E:\Project\Программирование\Лабораторные работы информатика\Лабораторные работы 2 семестр\Нерослов ИВТ - 19 - 2б Лаб. 32 вариант 9\Лаб. 31\Лаб. 32.cpp(414,9): warning C4244: инициализация: преобразование "float" в "int", возможна потеря данных
E:\Project\Программирование\Лабораторные работы информатика\Лабораторные работы 2 семестр\Нерослов ИВТ - 19 - 2б Лаб. 32 вариант 9\Лаб. 31\Лаб. 32.cpp(415,9): warning C4244: инициализация: преобразование "float" в "int", возможна потеря данных
E:\Project\Программирование\Лабораторные работы информатика\Лабораторные работы 2 семестр\Нерослов ИВТ - 19 - 2б Лаб. 32 вариант 9\Лаб. 31\Лаб. 32.cpp(561,20): warning C4018: <: несоответствие типов со знаком и без знака
E:\Project\Программирование\Лабораторные работы информатика\Лабораторные работы 2 семестр\Нерослов ИВТ - 19 - 2б Лаб. 32 вариант 9\Лаб. 31\Лаб. 32.cpp(566,20): warning C4018: <: несоответствие типов со знаком и без знака
E:\Project\Программирование\Лабораторные работы информатика\Лабораторные работы 2 семестр\Нерослов ИВТ - 19 - 2б Лаб. 32 вариант 9\Лаб. 31\Лаб. 32.cpp(574,20): warning C4018: <: несоответствие типов со знаком и без знака
E:\Project\Программирование\Лабораторные работы информатика\Лабораторные работы 2 семестр\Нерослов ИВТ - 19 - 2б Лаб. 32 вариант 9\Лаб. 31\Лаб. 32.cpp(685,27): warning C4018: <: несоответствие типов со знаком и без знака
  Лаб. 31.vcxproj -> E:\Project\Программирование\Лабораторные работы информатика\Лабораторные работы 2 семестр\Нерослов ИВТ - 19 - 2б Лаб. 32 вариант 9\Debug\Лаб. 31.exe
